[0.880s] Invoking command in '/home/allen/Documents/PyCharm/Projects/whisper_realtime_ws/src/whisper_realtime_pub': PYTHONPATH=/home/allen/Documents/PyCharm/Projects/whisper_realtime_ws/build/whisper_realtime_pub/prefix_override:/home/allen/Documents/PyCharm/Projects/whisper_realtime_ws/install/whisper_realtime_pub/lib/python3.8/site-packages:${PYTHONPATH} /usr/bin/python3 setup.py egg_info --egg-base ../../build/whisper_realtime_pub build --build-base /home/allen/Documents/PyCharm/Projects/whisper_realtime_ws/build/whisper_realtime_pub/build install --record /home/allen/Documents/PyCharm/Projects/whisper_realtime_ws/build/whisper_realtime_pub/install.log --install-scripts $base/lib/whisper_realtime_pub --single-version-externally-managed
[1.162s] running egg_info
[1.163s] writing ../../build/whisper_realtime_pub/whisper_realtime_pub.egg-info/PKG-INFO
[1.163s] writing dependency_links to ../../build/whisper_realtime_pub/whisper_realtime_pub.egg-info/dependency_links.txt
[1.163s] writing entry points to ../../build/whisper_realtime_pub/whisper_realtime_pub.egg-info/entry_points.txt
[1.164s] writing requirements to ../../build/whisper_realtime_pub/whisper_realtime_pub.egg-info/requires.txt
[1.164s] writing top-level names to ../../build/whisper_realtime_pub/whisper_realtime_pub.egg-info/top_level.txt
[1.216s] reading manifest file '../../build/whisper_realtime_pub/whisper_realtime_pub.egg-info/SOURCES.txt'
[1.217s] writing manifest file '../../build/whisper_realtime_pub/whisper_realtime_pub.egg-info/SOURCES.txt'
[1.218s] running build
[1.218s] running build_py
[1.218s] copying whisper_realtime_pub/teleop_pub.py -> /home/allen/Documents/PyCharm/Projects/whisper_realtime_ws/build/whisper_realtime_pub/build/lib/whisper_realtime_pub
[1.218s] running install
[1.219s] running install_lib
[1.221s] copying /home/allen/Documents/PyCharm/Projects/whisper_realtime_ws/build/whisper_realtime_pub/build/lib/whisper_realtime_pub/teleop_pub.py -> /home/allen/Documents/PyCharm/Projects/whisper_realtime_ws/install/whisper_realtime_pub/lib/python3.8/site-packages/whisper_realtime_pub
[1.221s] byte-compiling /home/allen/Documents/PyCharm/Projects/whisper_realtime_ws/install/whisper_realtime_pub/lib/python3.8/site-packages/whisper_realtime_pub/teleop_pub.py to teleop_pub.cpython-38.pyc
[1.224s] running install_data
[1.224s] running install_egg_info
[1.226s] removing '/home/allen/Documents/PyCharm/Projects/whisper_realtime_ws/install/whisper_realtime_pub/lib/python3.8/site-packages/whisper_realtime_pub-0.0.0-py3.8.egg-info' (and everything under it)
[1.226s] Copying ../../build/whisper_realtime_pub/whisper_realtime_pub.egg-info to /home/allen/Documents/PyCharm/Projects/whisper_realtime_ws/install/whisper_realtime_pub/lib/python3.8/site-packages/whisper_realtime_pub-0.0.0-py3.8.egg-info
[1.227s] running install_scripts
[1.242s] Installing go script to /home/allen/Documents/PyCharm/Projects/whisper_realtime_ws/install/whisper_realtime_pub/lib/whisper_realtime_pub
[1.242s] Installing teleop script to /home/allen/Documents/PyCharm/Projects/whisper_realtime_ws/install/whisper_realtime_pub/lib/whisper_realtime_pub
[1.242s] Installing test script to /home/allen/Documents/PyCharm/Projects/whisper_realtime_ws/install/whisper_realtime_pub/lib/whisper_realtime_pub
[1.242s] writing list of installed files to '/home/allen/Documents/PyCharm/Projects/whisper_realtime_ws/build/whisper_realtime_pub/install.log'
[1.261s] Invoked command in '/home/allen/Documents/PyCharm/Projects/whisper_realtime_ws/src/whisper_realtime_pub' returned '0': PYTHONPATH=/home/allen/Documents/PyCharm/Projects/whisper_realtime_ws/build/whisper_realtime_pub/prefix_override:/home/allen/Documents/PyCharm/Projects/whisper_realtime_ws/install/whisper_realtime_pub/lib/python3.8/site-packages:${PYTHONPATH} /usr/bin/python3 setup.py egg_info --egg-base ../../build/whisper_realtime_pub build --build-base /home/allen/Documents/PyCharm/Projects/whisper_realtime_ws/build/whisper_realtime_pub/build install --record /home/allen/Documents/PyCharm/Projects/whisper_realtime_ws/build/whisper_realtime_pub/install.log --install-scripts $base/lib/whisper_realtime_pub --single-version-externally-managed
