[1.048s] Invoking command in '/home/allen/Documents/PyCharm/Projects/whisper_realtime_ws/src/whisper_realtime_pub': PYTHONPATH=/home/allen/Documents/PyCharm/Projects/whisper_realtime_ws/build/whisper_realtime_pub/prefix_override:/home/allen/Documents/PyCharm/Projects/whisper_realtime_ws/install/whisper_realtime_pub/lib/python3.8/site-packages:${PYTHONPATH} /usr/bin/python3 setup.py egg_info --egg-base ../../build/whisper_realtime_pub build --build-base /home/allen/Documents/PyCharm/Projects/whisper_realtime_ws/build/whisper_realtime_pub/build install --record /home/allen/Documents/PyCharm/Projects/whisper_realtime_ws/build/whisper_realtime_pub/install.log --install-scripts $base/lib/whisper_realtime_pub --single-version-externally-managed
[1.363s] running egg_info
[1.363s] writing ../../build/whisper_realtime_pub/whisper_realtime_pub.egg-info/PKG-INFO
[1.364s] writing dependency_links to ../../build/whisper_realtime_pub/whisper_realtime_pub.egg-info/dependency_links.txt
[1.364s] writing entry points to ../../build/whisper_realtime_pub/whisper_realtime_pub.egg-info/entry_points.txt
[1.364s] writing requirements to ../../build/whisper_realtime_pub/whisper_realtime_pub.egg-info/requires.txt
[1.364s] writing top-level names to ../../build/whisper_realtime_pub/whisper_realtime_pub.egg-info/top_level.txt
[1.416s] reading manifest file '../../build/whisper_realtime_pub/whisper_realtime_pub.egg-info/SOURCES.txt'
[1.417s] writing manifest file '../../build/whisper_realtime_pub/whisper_realtime_pub.egg-info/SOURCES.txt'
[1.417s] running build
[1.417s] running build_py
[1.417s] copying whisper_realtime_pub/teleop_pub.py -> /home/allen/Documents/PyCharm/Projects/whisper_realtime_ws/build/whisper_realtime_pub/build/lib/whisper_realtime_pub
[1.418s] running install
[1.418s] running install_lib
[1.419s] copying /home/allen/Documents/PyCharm/Projects/whisper_realtime_ws/build/whisper_realtime_pub/build/lib/whisper_realtime_pub/teleop_pub.py -> /home/allen/Documents/PyCharm/Projects/whisper_realtime_ws/install/whisper_realtime_pub/lib/python3.8/site-packages/whisper_realtime_pub
[1.420s] byte-compiling /home/allen/Documents/PyCharm/Projects/whisper_realtime_ws/install/whisper_realtime_pub/lib/python3.8/site-packages/whisper_realtime_pub/teleop_pub.py to teleop_pub.cpython-38.pyc
[1.422s] running install_data
[1.422s] running install_egg_info
[1.428s] removing '/home/allen/Documents/PyCharm/Projects/whisper_realtime_ws/install/whisper_realtime_pub/lib/python3.8/site-packages/whisper_realtime_pub-0.0.0-py3.8.egg-info' (and everything under it)
[1.429s] Copying ../../build/whisper_realtime_pub/whisper_realtime_pub.egg-info to /home/allen/Documents/PyCharm/Projects/whisper_realtime_ws/install/whisper_realtime_pub/lib/python3.8/site-packages/whisper_realtime_pub-0.0.0-py3.8.egg-info
[1.432s] running install_scripts
[1.458s] Installing go script to /home/allen/Documents/PyCharm/Projects/whisper_realtime_ws/install/whisper_realtime_pub/lib/whisper_realtime_pub
[1.458s] Installing teleop script to /home/allen/Documents/PyCharm/Projects/whisper_realtime_ws/install/whisper_realtime_pub/lib/whisper_realtime_pub
[1.458s] Installing test script to /home/allen/Documents/PyCharm/Projects/whisper_realtime_ws/install/whisper_realtime_pub/lib/whisper_realtime_pub
[1.458s] writing list of installed files to '/home/allen/Documents/PyCharm/Projects/whisper_realtime_ws/build/whisper_realtime_pub/install.log'
[1.492s] Invoked command in '/home/allen/Documents/PyCharm/Projects/whisper_realtime_ws/src/whisper_realtime_pub' returned '0': PYTHONPATH=/home/allen/Documents/PyCharm/Projects/whisper_realtime_ws/build/whisper_realtime_pub/prefix_override:/home/allen/Documents/PyCharm/Projects/whisper_realtime_ws/install/whisper_realtime_pub/lib/python3.8/site-packages:${PYTHONPATH} /usr/bin/python3 setup.py egg_info --egg-base ../../build/whisper_realtime_pub build --build-base /home/allen/Documents/PyCharm/Projects/whisper_realtime_ws/build/whisper_realtime_pub/build install --record /home/allen/Documents/PyCharm/Projects/whisper_realtime_ws/build/whisper_realtime_pub/install.log --install-scripts $base/lib/whisper_realtime_pub --single-version-externally-managed
